[debug] [2020-07-04T15:42:47.220Z] ----------------------------------------------------------------------
[debug] [2020-07-04T15:42:47.222Z] Command:       E:\Program Files\Node js\node.exe C:\Users\Asus ZenBook\AppData\Roaming\npm\node_modules\firebase-tools\lib\bin\firebase.js serve
[debug] [2020-07-04T15:42:47.222Z] CLI Version:   8.4.3
[debug] [2020-07-04T15:42:47.222Z] Platform:      win32
[debug] [2020-07-04T15:42:47.222Z] Node Version:  v12.16.2
[debug] [2020-07-04T15:42:47.224Z] Time:          Sat Jul 04 2020 22:42:47 GMT+0700 (Indochina Time)
[debug] [2020-07-04T15:42:47.224Z] ----------------------------------------------------------------------
[debug] [2020-07-04T15:42:47.224Z] 
[debug] [2020-07-04T15:42:47.233Z] > command requires scopes: ["email","openid","https://www.googleapis.com/auth/cloudplatformprojects.readonly","https://www.googleapis.com/auth/firebase","https://www.googleapis.com/auth/cloud-platform"]
[debug] [2020-07-04T15:42:47.234Z] > authorizing via signed-in user
[debug] [2020-07-04T15:42:47.234Z] [iam] checking project login-d842c for permissions ["firebase.projects.get"]
[debug] [2020-07-04T15:42:47.237Z] >>> HTTP REQUEST POST https://cloudresourcemanager.googleapis.com/v1/projects/login-d842c:testIamPermissions  
 {"permissions":["firebase.projects.get"]}
[debug] [2020-07-04T15:42:48.351Z] <<< HTTP RESPONSE 200 {"content-type":"application/json; charset=UTF-8","vary":"X-Origin, Referer, Origin,Accept-Encoding","date":"Sat, 04 Jul 2020 15:42:46 GMT","server":"ESF","cache-control":"private","x-xss-protection":"0","x-frame-options":"SAMEORIGIN","x-content-type-options":"nosniff","server-timing":"gfet4t7; dur=822","alt-svc":"h3-29=\":443\"; ma=2592000,h3-27=\":443\"; ma=2592000,h3-25=\":443\"; ma=2592000,h3-T050=\":443\"; ma=2592000,h3-Q050=\":443\"; ma=2592000,h3-Q046=\":443\"; ma=2592000,h3-Q043=\":443\"; ma=2592000,quic=\":443\"; ma=2592000; v=\"46,43\"","accept-ranges":"none","transfer-encoding":"chunked"}
[debug] [2020-07-04T15:42:48.356Z] >>> HTTP REQUEST GET https://firebase.googleapis.com/v1beta1/projects/login-d842c  
 
[debug] [2020-07-04T15:42:49.014Z] <<< HTTP RESPONSE 200 {"content-type":"application/json; charset=UTF-8","vary":"X-Origin, Referer, Origin,Accept-Encoding","date":"Sat, 04 Jul 2020 15:42:47 GMT","server":"ESF","cache-control":"private","x-xss-protection":"0","x-frame-options":"SAMEORIGIN","x-content-type-options":"nosniff","alt-svc":"h3-29=\":443\"; ma=2592000,h3-27=\":443\"; ma=2592000,h3-25=\":443\"; ma=2592000,h3-T050=\":443\"; ma=2592000,h3-Q050=\":443\"; ma=2592000,h3-Q046=\":443\"; ma=2592000,h3-Q043=\":443\"; ma=2592000,quic=\":443\"; ma=2592000; v=\"46,43\"","accept-ranges":"none","transfer-encoding":"chunked"}
[info] 
[info] === Serving from 'D:\Full-stack\my-apps\Test\google-login'...
[info] 
[debug] [2020-07-04T15:42:49.021Z] >>> HTTP REQUEST GET https://firebase.googleapis.com/v1beta1/projects/login-d842c/webApps/-/config  
 
[debug] [2020-07-04T15:42:50.419Z] <<< HTTP RESPONSE 200 {"content-type":"application/json; charset=UTF-8","vary":"X-Origin, Referer, Origin,Accept-Encoding","date":"Sat, 04 Jul 2020 15:42:48 GMT","server":"ESF","cache-control":"private","x-xss-protection":"0","x-frame-options":"SAMEORIGIN","x-content-type-options":"nosniff","alt-svc":"h3-29=\":443\"; ma=2592000,h3-27=\":443\"; ma=2592000,h3-25=\":443\"; ma=2592000,h3-T050=\":443\"; ma=2592000,h3-Q050=\":443\"; ma=2592000,h3-Q046=\":443\"; ma=2592000,h3-Q043=\":443\"; ma=2592000,quic=\":443\"; ma=2592000; v=\"46,43\"","accept-ranges":"none","transfer-encoding":"chunked"}
[info] i  hosting[anhpeter-login]: Serving hosting files from: functions/public {"metadata":{"emulator":{"name":"hosting"},"message":"Serving hosting files from: \u001b[1mfunctions/public\u001b[22m"}}
[info] +  hosting[anhpeter-login]: Local server: http://localhost:5000 {"metadata":{"emulator":{"name":"hosting"},"message":"Local server: \u001b[4m\u001b[1mhttp://localhost:5000\u001b[22m\u001b[24m"}}
[warn] !  Your requested "node" version "8" doesn't match your global version "12" {"metadata":{"emulator":{"name":"functions"},"message":"Your requested \"node\" version \"8\" doesn't match your global version \"12\""}}
[info] i  functions: Watching "D:\Full-stack\my-apps\Test\google-login\functions" for Cloud Functions... {"metadata":{"emulator":{"name":"functions"},"message":"Watching \"D:\\Full-stack\\my-apps\\Test\\google-login\\functions\" for Cloud Functions..."}}
[debug] [2020-07-04T15:42:51.060Z] [worker-pool] addWorker(~diagnostic~) {"metadata":{"emulator":{"name":"functions"},"message":"[worker-pool] addWorker(~diagnostic~)"}}
[debug] [2020-07-04T15:42:51.060Z] [worker-pool] Adding worker with key ~diagnostic~, total=1 {"metadata":{"emulator":{"name":"functions"},"message":"[worker-pool] Adding worker with key ~diagnostic~, total=1"}}
[debug] [2020-07-04T15:42:51.061Z] [worker-pool] submitWork(triggerId=) {"metadata":{"emulator":{"name":"functions"},"message":"[worker-pool] submitWork(triggerId=)"}}
[debug] [2020-07-04T15:42:51.061Z] [worker-~diagnostic~-34162b72-bbba-470b-87a8-d4ce81a3a0ab]: Assigning socketPath: \\?\pipe\D:\Full-stack\my-apps\Test\google-login\functions\8688 {"metadata":{"emulator":{"name":"functions"},"message":"[worker-~diagnostic~-34162b72-bbba-470b-87a8-d4ce81a3a0ab]: Assigning socketPath: \\\\?\\pipe\\D:\\Full-stack\\my-apps\\Test\\google-login\\functions\\8688"}}
[debug] [2020-07-04T15:42:51.062Z] [worker-~diagnostic~-34162b72-bbba-470b-87a8-d4ce81a3a0ab]: BUSY {"metadata":{"emulator":{"name":"functions"},"message":"[worker-~diagnostic~-34162b72-bbba-470b-87a8-d4ce81a3a0ab]: BUSY"}}
[debug] [2020-07-04T15:42:51.579Z] [runtime-status] [8688] Functions runtime initialized. {"cwd":"D:\\Full-stack\\my-apps\\Test\\google-login\\functions","node_version":"12.16.2"} {"metadata":{"emulator":{"name":"functions"},"message":"[runtime-status] [8688] Functions runtime initialized. {\"cwd\":\"D:\\\\Full-stack\\\\my-apps\\\\Test\\\\google-login\\\\functions\",\"node_version\":\"12.16.2\"}"}}
[debug] [2020-07-04T15:42:51.584Z] [runtime-status] [8688] Disabled runtime features: undefined {"metadata":{"emulator":{"name":"functions"},"message":"[runtime-status] [8688] Disabled runtime features: undefined"}}
[debug] [2020-07-04T15:42:51.590Z] [runtime-status] [8688] Resolved module firebase-admin {"declared":true,"installed":true,"version":"8.13.0","resolution":"D:\\Full-stack\\my-apps\\Test\\google-login\\functions\\node_modules\\firebase-admin\\lib\\index.js"} {"metadata":{"emulator":{"name":"functions"},"message":"[runtime-status] [8688] Resolved module firebase-admin {\"declared\":true,\"installed\":true,\"version\":\"8.13.0\",\"resolution\":\"D:\\\\Full-stack\\\\my-apps\\\\Test\\\\google-login\\\\functions\\\\node_modules\\\\firebase-admin\\\\lib\\\\index.js\"}"}}
[debug] [2020-07-04T15:42:51.592Z] [runtime-status] [8688] Resolved module firebase-functions {"declared":true,"installed":true,"version":"3.7.0","resolution":"D:\\Full-stack\\my-apps\\Test\\google-login\\functions\\node_modules\\firebase-functions\\lib\\index.js"} {"metadata":{"emulator":{"name":"functions"},"message":"[runtime-status] [8688] Resolved module firebase-functions {\"declared\":true,\"installed\":true,\"version\":\"3.7.0\",\"resolution\":\"D:\\\\Full-stack\\\\my-apps\\\\Test\\\\google-login\\\\functions\\\\node_modules\\\\firebase-functions\\\\lib\\\\index.js\"}"}}
[debug] [2020-07-04T15:42:51.594Z] [runtime-status] [8688] Outgoing network have been stubbed. [{"name":"http","status":"mocked"},{"name":"http","status":"mocked"},{"name":"https","status":"mocked"},{"name":"https","status":"mocked"},{"name":"net","status":"mocked"}] {"metadata":{"emulator":{"name":"functions"},"message":"[runtime-status] [8688] Outgoing network have been stubbed. [{\"name\":\"http\",\"status\":\"mocked\"},{\"name\":\"http\",\"status\":\"mocked\"},{\"name\":\"https\",\"status\":\"mocked\"},{\"name\":\"https\",\"status\":\"mocked\"},{\"name\":\"net\",\"status\":\"mocked\"}]"}}
[debug] [2020-07-04T15:42:51.594Z] [runtime-status] [8688] Resolved module firebase-functions {"declared":true,"installed":true,"version":"3.7.0","resolution":"D:\\Full-stack\\my-apps\\Test\\google-login\\functions\\node_modules\\firebase-functions\\lib\\index.js"} {"metadata":{"emulator":{"name":"functions"},"message":"[runtime-status] [8688] Resolved module firebase-functions {\"declared\":true,\"installed\":true,\"version\":\"3.7.0\",\"resolution\":\"D:\\\\Full-stack\\\\my-apps\\\\Test\\\\google-login\\\\functions\\\\node_modules\\\\firebase-functions\\\\lib\\\\index.js\"}"}}
[debug] [2020-07-04T15:42:51.644Z] [runtime-status] [8688] Checked functions.config() {"config":{}} {"metadata":{"emulator":{"name":"functions"},"message":"[runtime-status] [8688] Checked functions.config() {\"config\":{}}"}}
[debug] [2020-07-04T15:42:51.644Z] [runtime-status] [8688] firebase-functions has been stubbed. {"functionsResolution":{"declared":true,"installed":true,"version":"3.7.0","resolution":"D:\\Full-stack\\my-apps\\Test\\google-login\\functions\\node_modules\\firebase-functions\\lib\\index.js"}} {"metadata":{"emulator":{"name":"functions"},"message":"[runtime-status] [8688] firebase-functions has been stubbed. {\"functionsResolution\":{\"declared\":true,\"installed\":true,\"version\":\"3.7.0\",\"resolution\":\"D:\\\\Full-stack\\\\my-apps\\\\Test\\\\google-login\\\\functions\\\\node_modules\\\\firebase-functions\\\\lib\\\\index.js\"}}"}}
[debug] [2020-07-04T15:42:51.644Z] [runtime-status] [8688] Resolved module firebase-functions {"declared":true,"installed":true,"version":"3.7.0","resolution":"D:\\Full-stack\\my-apps\\Test\\google-login\\functions\\node_modules\\firebase-functions\\lib\\index.js"} {"metadata":{"emulator":{"name":"functions"},"message":"[runtime-status] [8688] Resolved module firebase-functions {\"declared\":true,\"installed\":true,\"version\":\"3.7.0\",\"resolution\":\"D:\\\\Full-stack\\\\my-apps\\\\Test\\\\google-login\\\\functions\\\\node_modules\\\\firebase-functions\\\\lib\\\\index.js\"}"}}
[debug] [2020-07-04T15:42:51.645Z] [runtime-status] [8688] Resolved module firebase-admin {"declared":true,"installed":true,"version":"8.13.0","resolution":"D:\\Full-stack\\my-apps\\Test\\google-login\\functions\\node_modules\\firebase-admin\\lib\\index.js"} {"metadata":{"emulator":{"name":"functions"},"message":"[runtime-status] [8688] Resolved module firebase-admin {\"declared\":true,\"installed\":true,\"version\":\"8.13.0\",\"resolution\":\"D:\\\\Full-stack\\\\my-apps\\\\Test\\\\google-login\\\\functions\\\\node_modules\\\\firebase-admin\\\\lib\\\\index.js\"}"}}
[debug] [2020-07-04T15:42:51.646Z] [runtime-status] [8688] Resolved module firebase-functions {"declared":true,"installed":true,"version":"3.7.0","resolution":"D:\\Full-stack\\my-apps\\Test\\google-login\\functions\\node_modules\\firebase-functions\\lib\\index.js"} {"metadata":{"emulator":{"name":"functions"},"message":"[runtime-status] [8688] Resolved module firebase-functions {\"declared\":true,\"installed\":true,\"version\":\"3.7.0\",\"resolution\":\"D:\\\\Full-stack\\\\my-apps\\\\Test\\\\google-login\\\\functions\\\\node_modules\\\\firebase-functions\\\\lib\\\\index.js\"}"}}
[debug] [2020-07-04T15:42:51.646Z] [runtime-status] [8688] firebase-admin has been stubbed. {"adminResolution":{"declared":true,"installed":true,"version":"8.13.0","resolution":"D:\\Full-stack\\my-apps\\Test\\google-login\\functions\\node_modules\\firebase-admin\\lib\\index.js"}} {"metadata":{"emulator":{"name":"functions"},"message":"[runtime-status] [8688] firebase-admin has been stubbed. {\"adminResolution\":{\"declared\":true,\"installed\":true,\"version\":\"8.13.0\",\"resolution\":\"D:\\\\Full-stack\\\\my-apps\\\\Test\\\\google-login\\\\functions\\\\node_modules\\\\firebase-admin\\\\lib\\\\index.js\"}}"}}
[warn] !  Error: Cannot find module 'D:\Full-stack\my-apps\Test\google-login\functions'
Require stack:
- C:\Users\Asus ZenBook\AppData\Roaming\npm\node_modules\firebase-tools\lib\emulator\functionsEmulatorRuntime.js
    at Function.Module._resolveFilename (internal/modules/cjs/loader.js:980:15)
    at Function.Module._load (internal/modules/cjs/loader.js:862:27)
    at Module.require (internal/modules/cjs/loader.js:1042:19)
    at require (internal/modules/cjs/helpers.js:77:18)
    at C:\Users\Asus ZenBook\AppData\Roaming\npm\node_modules\firebase-tools\lib\emulator\functionsEmulatorRuntime.js:664:33
    at Generator.next (<anonymous>)
    at fulfilled (C:\Users\Asus ZenBook\AppData\Roaming\npm\node_modules\firebase-tools\lib\emulator\functionsEmulatorRuntime.js:5:58)
    at processTicksAndRejections (internal/process/task_queues.js:97:5) {"metadata":{"emulator":{"name":"functions"},"message":"Error: Cannot find module 'D:\\Full-stack\\my-apps\\Test\\google-login\\functions'\nRequire stack:\n- C:\\Users\\Asus ZenBook\\AppData\\Roaming\\npm\\node_modules\\firebase-tools\\lib\\emulator\\functionsEmulatorRuntime.js\n    at Function.Module._resolveFilename (internal/modules/cjs/loader.js:980:15)\n    at Function.Module._load (internal/modules/cjs/loader.js:862:27)\n    at Module.require (internal/modules/cjs/loader.js:1042:19)\n    at require (internal/modules/cjs/helpers.js:77:18)\n    at C:\\Users\\Asus ZenBook\\AppData\\Roaming\\npm\\node_modules\\firebase-tools\\lib\\emulator\\functionsEmulatorRuntime.js:664:33\n    at Generator.next (<anonymous>)\n    at fulfilled (C:\\Users\\Asus ZenBook\\AppData\\Roaming\\npm\\node_modules\\firebase-tools\\lib\\emulator\\functionsEmulatorRuntime.js:5:58)\n    at processTicksAndRejections (internal/process/task_queues.js:97:5)"}}
[warn] !  We were unable to load your functions code. (see above) {"metadata":{"emulator":{"name":"functions"}}}
[debug] [2020-07-04T15:42:51.671Z] [worker-~diagnostic~-34162b72-bbba-470b-87a8-d4ce81a3a0ab]: exited {"metadata":{"emulator":{"name":"functions"},"message":"[worker-~diagnostic~-34162b72-bbba-470b-87a8-d4ce81a3a0ab]: exited"}}
[debug] [2020-07-04T15:42:51.672Z] [worker-~diagnostic~-34162b72-bbba-470b-87a8-d4ce81a3a0ab]: FINISHED {"metadata":{"emulator":{"name":"functions"},"message":"[worker-~diagnostic~-34162b72-bbba-470b-87a8-d4ce81a3a0ab]: FINISHED"}}
